<?xml version="1.0" encoding="UTF-8"?>
<!-- Generated by org.testng.reporters.JUnitReportReporter -->
<testsuite hostname="LAPTOP-PCCUKN8F" failures="0" tests="1" name="grid.DockerFirefox" time="10.020" errors="0" timestamp="2024-04-01T22:11:04 CDT" skipped="0">
  <testcase classname="grid.DockerFirefox" name="test1" time="10.020"/>
  <system-out/>
</testsuite> <!-- grid.DockerFirefox -->
