<?xml version="1.0" encoding="UTF-8"?>
<!-- Generated by org.testng.reporters.JUnitReportReporter -->
<testsuite hostname="LAPTOP-PCCUKN8F" failures="0" tests="1" name="grid.DockerChrome1" time="5.161" errors="0" timestamp="2024-04-01T22:11:04 CDT" skipped="0">
  <testcase classname="grid.DockerChrome1" name="test1" time="5.161"/>
  <system-out/>
</testsuite> <!-- grid.DockerChrome1 -->
