<?xml version="1.0" encoding="UTF-8"?>
<!-- Generated by org.testng.reporters.JUnitReportReporter -->
<testsuite hostname="LAPTOP-PCCUKN8F" failures="0" tests="1" name="grid.DockerChrome2" time="9.074" errors="0" timestamp="2024-03-31T14:47:40 CDT" skipped="0">
  <testcase classname="grid.DockerChrome2" name="test1" time="9.074"/>
  <system-out/>
</testsuite> <!-- grid.DockerChrome2 -->
